{"name":"hexo","hostname":"MacBook-Pro-200.local","pid":86668,"level":20,"msg":"Writing database to /Users/zhanglongyu/Desktop/demo++/blog/db.json","time":"2018-12-18T08:20:54.724Z","v":0}
{"name":"hexo","hostname":"MacBook-Pro-200.local","pid":86668,"level":20,"msg":"Hexo version: \u001b[35m3.8.0\u001b[39m","time":"2018-12-18T08:20:54.759Z","v":0}
{"name":"hexo","hostname":"MacBook-Pro-200.local","pid":86668,"level":20,"msg":"Working directory: \u001b[35m~/Desktop/demo++/blog/\u001b[39m","time":"2018-12-18T08:20:54.759Z","v":0}
{"name":"hexo","hostname":"MacBook-Pro-200.local","pid":86668,"level":20,"msg":"Config loaded: \u001b[35m~/Desktop/demo++/blog/_config.yml\u001b[39m","time":"2018-12-18T08:20:54.904Z","v":0}
{"name":"hexo","hostname":"MacBook-Pro-200.local","pid":86668,"level":20,"msg":"Plugin loaded: \u001b[35mhexo-deployer-git\u001b[39m","time":"2018-12-18T08:20:54.967Z","v":0}
{"name":"hexo","hostname":"MacBook-Pro-200.local","pid":86668,"level":20,"msg":"Plugin loaded: \u001b[35mhexo-generator-index\u001b[39m","time":"2018-12-18T08:20:54.978Z","v":0}
{"name":"hexo","hostname":"MacBook-Pro-200.local","pid":86668,"level":20,"msg":"Plugin loaded: \u001b[35mhexo-generator-json-content\u001b[39m","time":"2018-12-18T08:20:55.013Z","v":0}
{"name":"hexo","hostname":"MacBook-Pro-200.local","pid":86668,"level":20,"msg":"Plugin loaded: \u001b[35mhexo-generator-category\u001b[39m","time":"2018-12-18T08:20:55.016Z","v":0}
{"name":"hexo","hostname":"MacBook-Pro-200.local","pid":86668,"level":20,"msg":"Plugin loaded: \u001b[35mhexo-renderer-ejs\u001b[39m","time":"2018-12-18T08:20:55.020Z","v":0}
{"name":"hexo","hostname":"MacBook-Pro-200.local","pid":86668,"level":20,"msg":"Plugin loaded: \u001b[35mhexo-generator-tag\u001b[39m","time":"2018-12-18T08:20:55.022Z","v":0}
{"name":"hexo","hostname":"MacBook-Pro-200.local","pid":86668,"level":20,"msg":"Plugin loaded: \u001b[35mhexo-renderer-marked\u001b[39m","time":"2018-12-18T08:20:55.027Z","v":0}
{"name":"hexo","hostname":"MacBook-Pro-200.local","pid":86668,"level":20,"msg":"Plugin loaded: \u001b[35mhexo-renderer-less\u001b[39m","time":"2018-12-18T08:20:55.138Z","v":0}
{"name":"hexo","hostname":"MacBook-Pro-200.local","pid":86668,"level":20,"msg":"Plugin loaded: \u001b[35mhexo-server\u001b[39m","time":"2018-12-18T08:20:55.325Z","v":0}
{"name":"hexo","hostname":"MacBook-Pro-200.local","pid":86668,"level":20,"msg":"Plugin loaded: \u001b[35mhexo-renderer-stylus\u001b[39m","time":"2018-12-18T08:20:55.327Z","v":0}
{"name":"hexo","hostname":"MacBook-Pro-200.local","pid":86668,"level":20,"msg":"Plugin loaded: \u001b[35mhexo-generator-archive\u001b[39m","time":"2018-12-18T08:20:55.332Z","v":0}
{"name":"hexo","hostname":"MacBook-Pro-200.local","pid":86668,"level":20,"msg":"Loading database.","time":"2018-12-18T08:20:55.337Z","v":0}
{"name":"hexo","hostname":"MacBook-Pro-200.local","pid":86668,"level":30,"msg":"Start processing","time":"2018-12-18T08:20:55.492Z","v":0}
{"name":"hexo","hostname":"MacBook-Pro-200.local","pid":86668,"level":20,"msg":"Processed: \u001b[35m404.md\u001b[39m","time":"2018-12-18T08:20:55.506Z","v":0}
{"name":"hexo","hostname":"MacBook-Pro-200.local","pid":86668,"level":20,"msg":"Processed: \u001b[35m_posts/2016-08-03-开发问题总结.md\u001b[39m","time":"2018-12-18T08:20:55.530Z","v":0}
{"name":"hexo","hostname":"MacBook-Pro-200.local","pid":86668,"level":20,"msg":"Processed: \u001b[35m_posts/2017-03-02-使用webpack实现按需加载.md\u001b[39m","time":"2018-12-18T08:20:55.530Z","v":0}
{"name":"hexo","hostname":"MacBook-Pro-200.local","pid":86668,"level":20,"msg":"Processed: \u001b[35m_posts/2017-07-28-React路由实践.md\u001b[39m","time":"2018-12-18T08:20:55.530Z","v":0}
{"name":"hexo","hostname":"MacBook-Pro-200.local","pid":86668,"level":20,"msg":"Processed: \u001b[35m_posts/2017-07-31-SPA的SEO优化.md\u001b[39m","time":"2018-12-18T08:20:55.530Z","v":0}
{"name":"hexo","hostname":"MacBook-Pro-200.local","pid":86668,"level":20,"msg":"Processed: \u001b[35m_posts/2017-08-07-将AJAX封装为fetch.md\u001b[39m","time":"2018-12-18T08:20:55.530Z","v":0}
{"name":"hexo","hostname":"MacBook-Pro-200.local","pid":86668,"level":20,"msg":"Processed: \u001b[35m_posts/2017-09-18-搭建舒适的前端开发环境.md\u001b[39m","time":"2018-12-18T08:20:55.530Z","v":0}
{"name":"hexo","hostname":"MacBook-Pro-200.local","pid":86668,"level":20,"msg":"Processed: \u001b[35m_posts/2017-08-01-AJAX请求时响应成功执行error的问题.md\u001b[39m","time":"2018-12-18T08:20:55.531Z","v":0}
{"name":"hexo","hostname":"MacBook-Pro-200.local","pid":86668,"level":20,"msg":"Processed: \u001b[35m_posts/2017-09-21-css垂直水平居中.md\u001b[39m","time":"2018-12-18T08:20:55.531Z","v":0}
{"name":"hexo","hostname":"MacBook-Pro-200.local","pid":86668,"level":20,"msg":"Processed: \u001b[35m_posts/2017-09-27-Jquery或zepto事件委托在ios无效.md\u001b[39m","time":"2018-12-18T08:20:55.531Z","v":0}
{"name":"hexo","hostname":"MacBook-Pro-200.local","pid":86668,"level":20,"msg":"Processed: \u001b[35m_posts/2017-10-09-判断滚动条滚到页面底部并执行事件.md\u001b[39m","time":"2018-12-18T08:20:55.531Z","v":0}
{"name":"hexo","hostname":"MacBook-Pro-200.local","pid":86668,"level":20,"msg":"Processed: \u001b[35m_posts/2017-10-04-scrollIntoView 与 scrollIntoViewIfNeeded的使用.md\u001b[39m","time":"2018-12-18T08:20:55.531Z","v":0}
{"name":"hexo","hostname":"MacBook-Pro-200.local","pid":86668,"level":20,"msg":"Processed: \u001b[35m_posts/2017-10-12-移动端网页绝对自适应.md\u001b[39m","time":"2018-12-18T08:20:55.531Z","v":0}
{"name":"hexo","hostname":"MacBook-Pro-200.local","pid":86668,"level":20,"msg":"Processed: \u001b[35m_posts/2017-11-1-前端安全问题.md\u001b[39m","time":"2018-12-18T08:20:55.531Z","v":0}
{"name":"hexo","hostname":"MacBook-Pro-200.local","pid":86668,"level":20,"msg":"Processed: \u001b[35m_posts/2017-11-04-react和redux教程完整总结.md\u001b[39m","time":"2018-12-18T08:20:55.531Z","v":0}
{"name":"hexo","hostname":"MacBook-Pro-200.local","pid":86668,"level":20,"msg":"Processed: \u001b[35m_posts/2018-12-18-vue-ssr初探.md\u001b[39m","time":"2018-12-18T08:20:55.532Z","v":0}
{"name":"hexo","hostname":"MacBook-Pro-200.local","pid":86668,"level":20,"msg":"Processed: \u001b[35m_posts/JSEncrypt长文本分段加解密.md\u001b[39m","time":"2018-12-18T08:20:55.532Z","v":0}
{"name":"hexo","hostname":"MacBook-Pro-200.local","pid":86668,"level":20,"msg":"Processed: \u001b[35m_posts/React中key的讲解.md\u001b[39m","time":"2018-12-18T08:20:55.532Z","v":0}
{"name":"hexo","hostname":"MacBook-Pro-200.local","pid":86668,"level":20,"msg":"Processed: \u001b[35m_posts/Vue中data为什么必须是函数.md\u001b[39m","time":"2018-12-18T08:20:55.532Z","v":0}
{"name":"hexo","hostname":"MacBook-Pro-200.local","pid":86668,"level":20,"msg":"Processed: \u001b[35m_posts/git工程实战.md\u001b[39m","time":"2018-12-18T08:20:55.532Z","v":0}
{"name":"hexo","hostname":"MacBook-Pro-200.local","pid":86668,"level":20,"msg":"Processed: \u001b[35m_posts/js事件防抖动、节流处理.md\u001b[39m","time":"2018-12-18T08:20:55.532Z","v":0}
{"name":"hexo","hostname":"MacBook-Pro-200.local","pid":86668,"level":20,"msg":"Processed: \u001b[35m_posts/psd自动标注软件PxCook.md\u001b[39m","time":"2018-12-18T08:20:55.532Z","v":0}
{"name":"hexo","hostname":"MacBook-Pro-200.local","pid":86668,"level":20,"msg":"Processed: \u001b[35m_posts/几个常用的js继承.md\u001b[39m","time":"2018-12-18T08:20:55.533Z","v":0}
{"name":"hexo","hostname":"MacBook-Pro-200.local","pid":86668,"level":20,"msg":"Processed: \u001b[35m_posts/几种常见的css布局.md\u001b[39m","time":"2018-12-18T08:20:55.533Z","v":0}
{"name":"hexo","hostname":"MacBook-Pro-200.local","pid":86668,"level":20,"msg":"Processed: \u001b[35m_posts/学习大厂利用localStorage优化加载.md\u001b[39m","time":"2018-12-18T08:20:55.533Z","v":0}
{"name":"hexo","hostname":"MacBook-Pro-200.local","pid":86668,"level":20,"msg":"Processed: \u001b[35m_posts/实现vue的$on、$once、$off和$emit事件机制.md\u001b[39m","time":"2018-12-18T08:20:55.533Z","v":0}
{"name":"hexo","hostname":"MacBook-Pro-200.local","pid":86668,"level":20,"msg":"Processed: \u001b[35m_posts/实现一个Markdown实时转HTML预览.md\u001b[39m","time":"2018-12-18T08:20:55.533Z","v":0}
{"name":"hexo","hostname":"MacBook-Pro-200.local","pid":86668,"level":20,"msg":"Processed: \u001b[35m_posts/2018-01-02-CORS自定义头部问题.md\u001b[39m","time":"2018-12-18T08:20:55.546Z","v":0}
{"name":"hexo","hostname":"MacBook-Pro-200.local","pid":86668,"level":20,"msg":"Generator: \u001b[35mpage\u001b[39m","time":"2018-12-18T08:20:55.643Z","v":0}
{"name":"hexo","hostname":"MacBook-Pro-200.local","pid":86668,"level":20,"msg":"Generator: \u001b[35mpost\u001b[39m","time":"2018-12-18T08:20:55.643Z","v":0}
{"name":"hexo","hostname":"MacBook-Pro-200.local","pid":86668,"level":20,"msg":"Generator: \u001b[35mindex\u001b[39m","time":"2018-12-18T08:20:55.644Z","v":0}
{"name":"hexo","hostname":"MacBook-Pro-200.local","pid":86668,"level":20,"msg":"Generator: \u001b[35mjson-content\u001b[39m","time":"2018-12-18T08:20:55.644Z","v":0}
{"name":"hexo","hostname":"MacBook-Pro-200.local","pid":86668,"level":20,"msg":"Generator: \u001b[35mcategory\u001b[39m","time":"2018-12-18T08:20:55.644Z","v":0}
{"name":"hexo","hostname":"MacBook-Pro-200.local","pid":86668,"level":20,"msg":"Generator: \u001b[35mtag\u001b[39m","time":"2018-12-18T08:20:55.644Z","v":0}
{"name":"hexo","hostname":"MacBook-Pro-200.local","pid":86668,"level":20,"msg":"Generator: \u001b[35marchive\u001b[39m","time":"2018-12-18T08:20:55.644Z","v":0}
{"name":"hexo","hostname":"MacBook-Pro-200.local","pid":86668,"level":20,"msg":"Generator: \u001b[35masset\u001b[39m","time":"2018-12-18T08:20:55.644Z","v":0}
{"name":"hexo","hostname":"MacBook-Pro-200.local","pid":86668,"level":30,"msg":"Files loaded in \u001b[36m316 ms\u001b[39m","time":"2018-12-18T08:20:55.652Z","v":0}
{"name":"hexo","hostname":"MacBook-Pro-200.local","pid":86668,"level":40,"msg":"No layout: \u001b[35m2018/12/17/2018-12-18-vue-ssr初探/index.html\u001b[39m","time":"2018-12-18T08:20:55.662Z","v":0}
{"name":"hexo","hostname":"MacBook-Pro-200.local","pid":86668,"level":40,"msg":"No layout: \u001b[35m2018/03/14/几种常见的css布局/index.html\u001b[39m","time":"2018-12-18T08:20:55.662Z","v":0}
{"name":"hexo","hostname":"MacBook-Pro-200.local","pid":86668,"level":40,"msg":"No layout: \u001b[35m2018/03/13/实现vue的$on、$once、$off和$emit事件机制/index.html\u001b[39m","time":"2018-12-18T08:20:55.663Z","v":0}
{"name":"hexo","hostname":"MacBook-Pro-200.local","pid":86668,"level":40,"msg":"No layout: \u001b[35m2018/03/13/几个常用的js继承/index.html\u001b[39m","time":"2018-12-18T08:20:55.663Z","v":0}
{"name":"hexo","hostname":"MacBook-Pro-200.local","pid":86668,"level":40,"msg":"No layout: \u001b[35m2018/03/07/React中key的讲解/index.html\u001b[39m","time":"2018-12-18T08:20:55.663Z","v":0}
{"name":"hexo","hostname":"MacBook-Pro-200.local","pid":86668,"level":40,"msg":"No layout: \u001b[35m2018/03/02/Vue中data为什么必须是函数/index.html\u001b[39m","time":"2018-12-18T08:20:55.663Z","v":0}
{"name":"hexo","hostname":"MacBook-Pro-200.local","pid":86668,"level":40,"msg":"No layout: \u001b[35m2018/02/05/JSEncrypt长文本分段加解密/index.html\u001b[39m","time":"2018-12-18T08:20:55.664Z","v":0}
{"name":"hexo","hostname":"MacBook-Pro-200.local","pid":86668,"level":40,"msg":"No layout: \u001b[35m2018/02/01/实现一个Markdown实时转HTML预览/index.html\u001b[39m","time":"2018-12-18T08:20:55.664Z","v":0}
{"name":"hexo","hostname":"MacBook-Pro-200.local","pid":86668,"level":40,"msg":"No layout: \u001b[35m2018/01/29/学习大厂利用localStorage优化加载/index.html\u001b[39m","time":"2018-12-18T08:20:55.665Z","v":0}
{"name":"hexo","hostname":"MacBook-Pro-200.local","pid":86668,"level":40,"msg":"No layout: \u001b[35m2018/01/29/js事件防抖动、节流处理/index.html\u001b[39m","time":"2018-12-18T08:20:55.665Z","v":0}
{"name":"hexo","hostname":"MacBook-Pro-200.local","pid":86668,"level":40,"msg":"No layout: \u001b[35m2018/01/18/git工程实战/index.html\u001b[39m","time":"2018-12-18T08:20:55.665Z","v":0}
{"name":"hexo","hostname":"MacBook-Pro-200.local","pid":86668,"level":40,"msg":"No layout: \u001b[35m2018/01/17/psd自动标注软件PxCook/index.html\u001b[39m","time":"2018-12-18T08:20:55.666Z","v":0}
{"name":"hexo","hostname":"MacBook-Pro-200.local","pid":86668,"level":40,"msg":"No layout: \u001b[35m2018/01/02/2018-01-02-CORS自定义头部问题/index.html\u001b[39m","time":"2018-12-18T08:20:55.666Z","v":0}
{"name":"hexo","hostname":"MacBook-Pro-200.local","pid":86668,"level":40,"msg":"No layout: \u001b[35m2017/11/04/2017-11-04-react和redux教程完整总结/index.html\u001b[39m","time":"2018-12-18T08:20:55.666Z","v":0}
{"name":"hexo","hostname":"MacBook-Pro-200.local","pid":86668,"level":40,"msg":"No layout: \u001b[35m2017/11/03/2016-08-03-开发问题总结/index.html\u001b[39m","time":"2018-12-18T08:20:55.667Z","v":0}
{"name":"hexo","hostname":"MacBook-Pro-200.local","pid":86668,"level":40,"msg":"No layout: \u001b[35m2017/11/01/2017-11-1-前端安全问题/index.html\u001b[39m","time":"2018-12-18T08:20:55.667Z","v":0}
{"name":"hexo","hostname":"MacBook-Pro-200.local","pid":86668,"level":40,"msg":"No layout: \u001b[35m2017/10/12/2017-10-12-移动端网页绝对自适应/index.html\u001b[39m","time":"2018-12-18T08:20:55.668Z","v":0}
{"name":"hexo","hostname":"MacBook-Pro-200.local","pid":86668,"level":40,"msg":"No layout: \u001b[35m2017/10/09/2017-10-09-判断滚动条滚到页面底部并执行事件/index.html\u001b[39m","time":"2018-12-18T08:20:55.668Z","v":0}
{"name":"hexo","hostname":"MacBook-Pro-200.local","pid":86668,"level":40,"msg":"No layout: \u001b[35m2017/10/04/2017-10-04-scrollIntoView 与 scrollIntoViewIfNeeded的使用/index.html\u001b[39m","time":"2018-12-18T08:20:55.668Z","v":0}
{"name":"hexo","hostname":"MacBook-Pro-200.local","pid":86668,"level":40,"msg":"No layout: \u001b[35m2017/09/21/2017-09-27-Jquery或zepto事件委托在ios无效/index.html\u001b[39m","time":"2018-12-18T08:20:55.776Z","v":0}
{"name":"hexo","hostname":"MacBook-Pro-200.local","pid":86668,"level":40,"msg":"No layout: \u001b[35m2017/09/21/2017-09-21-css垂直水平居中/index.html\u001b[39m","time":"2018-12-18T08:20:55.776Z","v":0}
{"name":"hexo","hostname":"MacBook-Pro-200.local","pid":86668,"level":40,"msg":"No layout: \u001b[35m2017/09/18/2017-09-18-搭建舒适的前端开发环境/index.html\u001b[39m","time":"2018-12-18T08:20:55.777Z","v":0}
{"name":"hexo","hostname":"MacBook-Pro-200.local","pid":86668,"level":40,"msg":"No layout: \u001b[35m2017/08/07/2017-08-07-将AJAX封装为fetch/index.html\u001b[39m","time":"2018-12-18T08:20:55.777Z","v":0}
{"name":"hexo","hostname":"MacBook-Pro-200.local","pid":86668,"level":40,"msg":"No layout: \u001b[35m2017/08/01/2017-08-01-AJAX请求时响应成功执行error的问题/index.html\u001b[39m","time":"2018-12-18T08:20:55.777Z","v":0}
{"name":"hexo","hostname":"MacBook-Pro-200.local","pid":86668,"level":40,"msg":"No layout: \u001b[35m2017/07/31/2017-07-31-SPA的SEO优化/index.html\u001b[39m","time":"2018-12-18T08:20:55.777Z","v":0}
{"name":"hexo","hostname":"MacBook-Pro-200.local","pid":86668,"level":40,"msg":"No layout: \u001b[35m2017/07/28/2017-07-28-React路由实践/index.html\u001b[39m","time":"2018-12-18T08:20:55.778Z","v":0}
{"name":"hexo","hostname":"MacBook-Pro-200.local","pid":86668,"level":40,"msg":"No layout: \u001b[35m2017/03/02/2017-03-02-使用webpack实现按需加载/index.html\u001b[39m","time":"2018-12-18T08:20:55.778Z","v":0}
{"name":"hexo","hostname":"MacBook-Pro-200.local","pid":86668,"level":40,"msg":"No layout: \u001b[35mindex.html\u001b[39m","time":"2018-12-18T08:20:55.778Z","v":0}
{"name":"hexo","hostname":"MacBook-Pro-200.local","pid":86668,"level":40,"msg":"No layout: \u001b[35mpage/2/index.html\u001b[39m","time":"2018-12-18T08:20:55.778Z","v":0}
{"name":"hexo","hostname":"MacBook-Pro-200.local","pid":86668,"level":40,"msg":"No layout: \u001b[35mpage/3/index.html\u001b[39m","time":"2018-12-18T08:20:55.779Z","v":0}
{"name":"hexo","hostname":"MacBook-Pro-200.local","pid":86668,"level":40,"msg":"No layout: \u001b[35mcategories/前端/index.html\u001b[39m","time":"2018-12-18T08:20:55.779Z","v":0}
{"name":"hexo","hostname":"MacBook-Pro-200.local","pid":86668,"level":40,"msg":"No layout: \u001b[35mcategories/前端/page/2/index.html\u001b[39m","time":"2018-12-18T08:20:55.779Z","v":0}
{"name":"hexo","hostname":"MacBook-Pro-200.local","pid":86668,"level":40,"msg":"No layout: \u001b[35mcategories/前端/page/3/index.html\u001b[39m","time":"2018-12-18T08:20:55.780Z","v":0}
{"name":"hexo","hostname":"MacBook-Pro-200.local","pid":86668,"level":40,"msg":"No layout: \u001b[35mcategories/工具/index.html\u001b[39m","time":"2018-12-18T08:20:55.780Z","v":0}
{"name":"hexo","hostname":"MacBook-Pro-200.local","pid":86668,"level":40,"msg":"No layout: \u001b[35mcategories/后端/index.html\u001b[39m","time":"2018-12-18T08:20:55.780Z","v":0}
{"name":"hexo","hostname":"MacBook-Pro-200.local","pid":86668,"level":40,"msg":"No layout: \u001b[35mtags/react/index.html\u001b[39m","time":"2018-12-18T08:20:55.782Z","v":0}
{"name":"hexo","hostname":"MacBook-Pro-200.local","pid":86668,"level":40,"msg":"No layout: \u001b[35mtags/跨域/index.html\u001b[39m","time":"2018-12-18T08:20:55.782Z","v":0}
{"name":"hexo","hostname":"MacBook-Pro-200.local","pid":86668,"level":40,"msg":"No layout: \u001b[35mtags/SEO/index.html\u001b[39m","time":"2018-12-18T08:20:55.783Z","v":0}
{"name":"hexo","hostname":"MacBook-Pro-200.local","pid":86668,"level":40,"msg":"No layout: \u001b[35mtags/webpack/index.html\u001b[39m","time":"2018-12-18T08:20:55.784Z","v":0}
{"name":"hexo","hostname":"MacBook-Pro-200.local","pid":86668,"level":40,"msg":"No layout: \u001b[35mtags/ajax/index.html\u001b[39m","time":"2018-12-18T08:20:55.785Z","v":0}
{"name":"hexo","hostname":"MacBook-Pro-200.local","pid":86668,"level":40,"msg":"No layout: \u001b[35mtags/页面交互/index.html\u001b[39m","time":"2018-12-18T08:20:55.785Z","v":0}
{"name":"hexo","hostname":"MacBook-Pro-200.local","pid":86668,"level":40,"msg":"No layout: \u001b[35mtags/dom/index.html\u001b[39m","time":"2018-12-18T08:20:55.787Z","v":0}
{"name":"hexo","hostname":"MacBook-Pro-200.local","pid":86668,"level":40,"msg":"No layout: \u001b[35mtags/问题总结/index.html\u001b[39m","time":"2018-12-18T08:20:55.788Z","v":0}
{"name":"hexo","hostname":"MacBook-Pro-200.local","pid":86668,"level":40,"msg":"No layout: \u001b[35mtags/css/index.html\u001b[39m","time":"2018-12-18T08:20:55.789Z","v":0}
{"name":"hexo","hostname":"MacBook-Pro-200.local","pid":86668,"level":40,"msg":"No layout: \u001b[35mtags/安全/index.html\u001b[39m","time":"2018-12-18T08:20:55.790Z","v":0}
{"name":"hexo","hostname":"MacBook-Pro-200.local","pid":86668,"level":40,"msg":"No layout: \u001b[35mtags/RSA/index.html\u001b[39m","time":"2018-12-18T08:20:55.791Z","v":0}
{"name":"hexo","hostname":"MacBook-Pro-200.local","pid":86668,"level":40,"msg":"No layout: \u001b[35mtags/vue/index.html\u001b[39m","time":"2018-12-18T08:20:55.792Z","v":0}
{"name":"hexo","hostname":"MacBook-Pro-200.local","pid":86668,"level":40,"msg":"No layout: \u001b[35mtags/性能/index.html\u001b[39m","time":"2018-12-18T08:20:55.794Z","v":0}
{"name":"hexo","hostname":"MacBook-Pro-200.local","pid":86668,"level":40,"msg":"No layout: \u001b[35mtags/git/index.html\u001b[39m","time":"2018-12-18T08:20:55.794Z","v":0}
{"name":"hexo","hostname":"MacBook-Pro-200.local","pid":86668,"level":40,"msg":"No layout: \u001b[35mtags/js/index.html\u001b[39m","time":"2018-12-18T08:20:55.795Z","v":0}
{"name":"hexo","hostname":"MacBook-Pro-200.local","pid":86668,"level":40,"msg":"No layout: \u001b[35mtags/切图/index.html\u001b[39m","time":"2018-12-18T08:20:55.892Z","v":0}
{"name":"hexo","hostname":"MacBook-Pro-200.local","pid":86668,"level":40,"msg":"No layout: \u001b[35mtags/vue-ssr/index.html\u001b[39m","time":"2018-12-18T08:20:55.892Z","v":0}
{"name":"hexo","hostname":"MacBook-Pro-200.local","pid":86668,"level":40,"msg":"No layout: \u001b[35mtags/前端/index.html\u001b[39m","time":"2018-12-18T08:20:55.892Z","v":0}
{"name":"hexo","hostname":"MacBook-Pro-200.local","pid":86668,"level":40,"msg":"No layout: \u001b[35mtags/markdown/index.html\u001b[39m","time":"2018-12-18T08:20:55.893Z","v":0}
{"name":"hexo","hostname":"MacBook-Pro-200.local","pid":86668,"level":40,"msg":"No layout: \u001b[35mtags/CORS/index.html\u001b[39m","time":"2018-12-18T08:20:55.893Z","v":0}
{"name":"hexo","hostname":"MacBook-Pro-200.local","pid":86668,"level":40,"msg":"No layout: \u001b[35marchives/index.html\u001b[39m","time":"2018-12-18T08:20:55.893Z","v":0}
{"name":"hexo","hostname":"MacBook-Pro-200.local","pid":86668,"level":40,"msg":"No layout: \u001b[35marchives/page/2/index.html\u001b[39m","time":"2018-12-18T08:20:55.893Z","v":0}
{"name":"hexo","hostname":"MacBook-Pro-200.local","pid":86668,"level":40,"msg":"No layout: \u001b[35marchives/page/3/index.html\u001b[39m","time":"2018-12-18T08:20:55.893Z","v":0}
{"name":"hexo","hostname":"MacBook-Pro-200.local","pid":86668,"level":40,"msg":"No layout: \u001b[35marchives/2017/index.html\u001b[39m","time":"2018-12-18T08:20:55.894Z","v":0}
{"name":"hexo","hostname":"MacBook-Pro-200.local","pid":86668,"level":40,"msg":"No layout: \u001b[35marchives/2017/page/2/index.html\u001b[39m","time":"2018-12-18T08:20:55.894Z","v":0}
{"name":"hexo","hostname":"MacBook-Pro-200.local","pid":86668,"level":40,"msg":"No layout: \u001b[35marchives/2017/03/index.html\u001b[39m","time":"2018-12-18T08:20:55.894Z","v":0}
{"name":"hexo","hostname":"MacBook-Pro-200.local","pid":86668,"level":40,"msg":"No layout: \u001b[35marchives/2017/07/index.html\u001b[39m","time":"2018-12-18T08:20:55.894Z","v":0}
{"name":"hexo","hostname":"MacBook-Pro-200.local","pid":86668,"level":40,"msg":"No layout: \u001b[35marchives/2017/08/index.html\u001b[39m","time":"2018-12-18T08:20:55.894Z","v":0}
{"name":"hexo","hostname":"MacBook-Pro-200.local","pid":86668,"level":40,"msg":"No layout: \u001b[35marchives/2017/09/index.html\u001b[39m","time":"2018-12-18T08:20:55.895Z","v":0}
{"name":"hexo","hostname":"MacBook-Pro-200.local","pid":86668,"level":40,"msg":"No layout: \u001b[35marchives/2017/10/index.html\u001b[39m","time":"2018-12-18T08:20:55.895Z","v":0}
{"name":"hexo","hostname":"MacBook-Pro-200.local","pid":86668,"level":40,"msg":"No layout: \u001b[35marchives/2017/11/index.html\u001b[39m","time":"2018-12-18T08:20:55.895Z","v":0}
{"name":"hexo","hostname":"MacBook-Pro-200.local","pid":86668,"level":40,"msg":"No layout: \u001b[35marchives/2018/index.html\u001b[39m","time":"2018-12-18T08:20:55.895Z","v":0}
{"name":"hexo","hostname":"MacBook-Pro-200.local","pid":86668,"level":40,"msg":"No layout: \u001b[35marchives/2018/page/2/index.html\u001b[39m","time":"2018-12-18T08:20:55.895Z","v":0}
{"name":"hexo","hostname":"MacBook-Pro-200.local","pid":86668,"level":40,"msg":"No layout: \u001b[35marchives/2018/01/index.html\u001b[39m","time":"2018-12-18T08:20:55.896Z","v":0}
{"name":"hexo","hostname":"MacBook-Pro-200.local","pid":86668,"level":40,"msg":"No layout: \u001b[35marchives/2018/02/index.html\u001b[39m","time":"2018-12-18T08:20:55.896Z","v":0}
{"name":"hexo","hostname":"MacBook-Pro-200.local","pid":86668,"level":40,"msg":"No layout: \u001b[35marchives/2018/03/index.html\u001b[39m","time":"2018-12-18T08:20:55.896Z","v":0}
{"name":"hexo","hostname":"MacBook-Pro-200.local","pid":86668,"level":40,"msg":"No layout: \u001b[35marchives/2018/12/index.html\u001b[39m","time":"2018-12-18T08:20:55.896Z","v":0}
{"name":"hexo","hostname":"MacBook-Pro-200.local","pid":86668,"level":30,"msg":"0 files generated in \u001b[36m249 ms\u001b[39m","time":"2018-12-18T08:20:55.902Z","v":0}
{"name":"hexo","hostname":"MacBook-Pro-200.local","pid":86668,"level":20,"msg":"Database saved","time":"2018-12-18T08:20:55.975Z","v":0}
